app/build/intermediates/manifest_merge_blame_file/debug/manifest-merger-blame-debug-report.txt
1<?xml version="1.0" encoding="utf-8"?>
2<manifest xmlns:android="http://schemas.android.com/apk/res/android"
3    package="com.example.rudolph"
4    android:versionCode="1"
5    android:versionName="1.0" >
6
7    <uses-sdk
8        android:minSdkVersion="21"
8-->src/main/AndroidManifest.xml
9        android:targetSdkVersion="29" />
9-->src/main/AndroidManifest.xml
10
11    <uses-permission android:name="android.permission.ACCESS_NETWORK_STATE" />
11-->[com.firebaseui:firebase-ui-auth:6.4.0] AndroidManifest.xml:12:5-79
11-->[com.firebaseui:firebase-ui-auth:6.4.0] AndroidManifest.xml:12:22-76
12    <uses-permission android:name="android.permission.INTERNET" />
12-->[com.firebaseui:firebase-ui-auth:6.4.0] AndroidManifest.xml:13:5-67
12-->[com.firebaseui:firebase-ui-auth:6.4.0] AndroidManifest.xml:13:22-64
13    <uses-permission android:name="android.permission.WAKE_LOCK" />
13-->[com.google.android.gms:play-services-measurement-api:18.0.0] AndroidManifest.xml:24:5-68
13-->[com.google.android.gms:play-services-measurement-api:18.0.0] AndroidManifest.xml:24:22-65
14    <uses-permission android:name="com.google.android.finsky.permission.BIND_GET_INSTALL_REFERRER_SERVICE" />
14-->[com.google.android.gms:play-services-measurement:18.0.0] AndroidManifest.xml:26:5-110
14-->[com.google.android.gms:play-services-measurement:18.0.0] AndroidManifest.xml:26:22-107
15
16    <application
16-->src/main/AndroidManifest.xml:5:5-21:19
17        android:allowBackup="true"
17-->src/main/AndroidManifest.xml:6:9-35
18        android:appComponentFactory="androidx.core.app.CoreComponentFactory"
18-->[androidx.core:core:1.3.1] AndroidManifest.xml:24:18-86
19        android:debuggable="true"
20        android:icon="@mipmap/ic_launcher"
20-->src/main/AndroidManifest.xml:7:9-43
21        android:label="@string/app_name"
21-->src/main/AndroidManifest.xml:8:9-41
22        android:roundIcon="@mipmap/ic_launcher_round"
22-->src/main/AndroidManifest.xml:9:9-54
23        android:supportsRtl="true"
23-->src/main/AndroidManifest.xml:10:9-35
24        android:testOnly="true"
25        android:theme="@style/AppTheme" >
25-->src/main/AndroidManifest.xml:11:9-40
26        <activity android:name="com.example.rudolph.LoginActivity" >
26-->src/main/AndroidManifest.xml:12:9-18:20
26-->src/main/AndroidManifest.xml:12:19-48
27            <intent-filter>
27-->src/main/AndroidManifest.xml:13:13-17:29
28                <action android:name="android.intent.action.MAIN" />
28-->src/main/AndroidManifest.xml:14:17-69
28-->src/main/AndroidManifest.xml:14:25-66
29
30                <category android:name="android.intent.category.LAUNCHER" />
30-->src/main/AndroidManifest.xml:16:17-77
30-->src/main/AndroidManifest.xml:16:27-74
31            </intent-filter>
32        </activity>
33        <activity android:name="com.example.rudolph.MainActivity" />
33-->src/main/AndroidManifest.xml:19:9-49
33-->src/main/AndroidManifest.xml:19:19-47
34        <activity android:name="com.example.rudolph.NewUserActivity" />
34-->src/main/AndroidManifest.xml:20:9-52
34-->src/main/AndroidManifest.xml:20:19-50
35
36        <meta-data
36-->[com.firebaseui:firebase-ui-auth:6.4.0] AndroidManifest.xml:16:9-18:69
37            android:name="com.google.android.gms.version"
37-->[com.firebaseui:firebase-ui-auth:6.4.0] AndroidManifest.xml:17:13-58
38            android:value="@integer/google_play_services_version" />
38-->[com.firebaseui:firebase-ui-auth:6.4.0] AndroidManifest.xml:18:13-66
39        <meta-data
39-->[com.firebaseui:firebase-ui-auth:6.4.0] AndroidManifest.xml:19:9-21:63
40            android:name="com.facebook.sdk.ApplicationId"
40-->[com.firebaseui:firebase-ui-auth:6.4.0] AndroidManifest.xml:20:13-58
41            android:value="@string/facebook_application_id" />
41-->[com.firebaseui:firebase-ui-auth:6.4.0] AndroidManifest.xml:21:13-60
42
43        <activity
43-->[com.firebaseui:firebase-ui-auth:6.4.0] AndroidManifest.xml:23:9-27:61
44            android:name="com.firebase.ui.auth.KickoffActivity"
44-->[com.firebaseui:firebase-ui-auth:6.4.0] AndroidManifest.xml:24:13-64
45            android:exported="false"
45-->[com.firebaseui:firebase-ui-auth:6.4.0] AndroidManifest.xml:25:13-37
46            android:label=""
46-->[com.firebaseui:firebase-ui-auth:6.4.0] AndroidManifest.xml:26:13-29
47            android:theme="@style/FirebaseUI.Transparent" />
47-->[com.firebaseui:firebase-ui-auth:6.4.0] AndroidManifest.xml:27:13-58
48        <activity
48-->[com.firebaseui:firebase-ui-auth:6.4.0] AndroidManifest.xml:28:9-32:61
49            android:name="com.firebase.ui.auth.ui.idp.SingleSignInActivity"
49-->[com.firebaseui:firebase-ui-auth:6.4.0] AndroidManifest.xml:29:13-76
50            android:exported="false"
50-->[com.firebaseui:firebase-ui-auth:6.4.0] AndroidManifest.xml:30:13-37
51            android:label=""
51-->[com.firebaseui:firebase-ui-auth:6.4.0] AndroidManifest.xml:31:13-29
52            android:theme="@style/FirebaseUI.Transparent" />
52-->[com.firebaseui:firebase-ui-auth:6.4.0] AndroidManifest.xml:32:13-58
53        <activity
53-->[com.firebaseui:firebase-ui-auth:6.4.0] AndroidManifest.xml:33:9-37:61
54            android:name="com.firebase.ui.auth.ui.credentials.CredentialSaveActivity"
54-->[com.firebaseui:firebase-ui-auth:6.4.0] AndroidManifest.xml:34:13-86
55            android:exported="false"
55-->[com.firebaseui:firebase-ui-auth:6.4.0] AndroidManifest.xml:35:13-37
56            android:label=""
56-->[com.firebaseui:firebase-ui-auth:6.4.0] AndroidManifest.xml:36:13-29
57            android:theme="@style/FirebaseUI.Transparent" />
57-->[com.firebaseui:firebase-ui-auth:6.4.0] AndroidManifest.xml:37:13-58
58        <activity
58-->[com.firebaseui:firebase-ui-auth:6.4.0] AndroidManifest.xml:38:9-42:58
59            android:name="com.firebase.ui.auth.ui.email.RecoverPasswordActivity"
59-->[com.firebaseui:firebase-ui-auth:6.4.0] AndroidManifest.xml:39:13-81
60            android:exported="false"
60-->[com.firebaseui:firebase-ui-auth:6.4.0] AndroidManifest.xml:40:13-37
61            android:label="@string/fui_title_recover_password_activity"
61-->[com.firebaseui:firebase-ui-auth:6.4.0] AndroidManifest.xml:41:13-72
62            android:windowSoftInputMode="adjustResize" />
62-->[com.firebaseui:firebase-ui-auth:6.4.0] AndroidManifest.xml:42:13-55
63        <activity
63-->[com.firebaseui:firebase-ui-auth:6.4.0] AndroidManifest.xml:43:9-47:58
64            android:name="com.firebase.ui.auth.ui.email.EmailActivity"
64-->[com.firebaseui:firebase-ui-auth:6.4.0] AndroidManifest.xml:44:13-71
65            android:exported="false"
65-->[com.firebaseui:firebase-ui-auth:6.4.0] AndroidManifest.xml:45:13-37
66            android:label="@string/fui_sign_in_default"
66-->[com.firebaseui:firebase-ui-auth:6.4.0] AndroidManifest.xml:46:13-56
67            android:windowSoftInputMode="adjustResize" />
67-->[com.firebaseui:firebase-ui-auth:6.4.0] AndroidManifest.xml:47:13-55
68        <activity
68-->[com.firebaseui:firebase-ui-auth:6.4.0] AndroidManifest.xml:48:9-52:77
69            android:name="com.firebase.ui.auth.ui.phone.PhoneActivity"
69-->[com.firebaseui:firebase-ui-auth:6.4.0] AndroidManifest.xml:49:13-71
70            android:exported="false"
70-->[com.firebaseui:firebase-ui-auth:6.4.0] AndroidManifest.xml:50:13-37
71            android:label="@string/fui_sign_in_with_phone_number"
71-->[com.firebaseui:firebase-ui-auth:6.4.0] AndroidManifest.xml:51:13-66
72            android:windowSoftInputMode="adjustResize|stateAlwaysVisible" />
72-->[com.firebaseui:firebase-ui-auth:6.4.0] AndroidManifest.xml:52:13-74
73        <activity
73-->[com.firebaseui:firebase-ui-auth:6.4.0] AndroidManifest.xml:53:9-57:58
74            android:name="com.firebase.ui.auth.ui.idp.WelcomeBackIdpPrompt"
74-->[com.firebaseui:firebase-ui-auth:6.4.0] AndroidManifest.xml:54:13-76
75            android:exported="false"
75-->[com.firebaseui:firebase-ui-auth:6.4.0] AndroidManifest.xml:55:13-37
76            android:label="@string/fui_title_welcome_back_idp_prompt"
76-->[com.firebaseui:firebase-ui-auth:6.4.0] AndroidManifest.xml:56:13-70
77            android:windowSoftInputMode="adjustResize" />
77-->[com.firebaseui:firebase-ui-auth:6.4.0] AndroidManifest.xml:57:13-55
78        <activity
78-->[com.firebaseui:firebase-ui-auth:6.4.0] AndroidManifest.xml:58:9-62:58
79            android:name="com.firebase.ui.auth.ui.email.WelcomeBackPasswordPrompt"
79-->[com.firebaseui:firebase-ui-auth:6.4.0] AndroidManifest.xml:59:13-83
80            android:exported="false"
80-->[com.firebaseui:firebase-ui-auth:6.4.0] AndroidManifest.xml:60:13-37
81            android:label="@string/fui_title_welcome_back_password_prompt"
81-->[com.firebaseui:firebase-ui-auth:6.4.0] AndroidManifest.xml:61:13-75
82            android:windowSoftInputMode="adjustResize" />
82-->[com.firebaseui:firebase-ui-auth:6.4.0] AndroidManifest.xml:62:13-55
83        <activity
83-->[com.firebaseui:firebase-ui-auth:6.4.0] AndroidManifest.xml:63:9-67:58
84            android:name="com.firebase.ui.auth.ui.email.WelcomeBackEmailLinkPrompt"
84-->[com.firebaseui:firebase-ui-auth:6.4.0] AndroidManifest.xml:64:13-84
85            android:exported="false"
85-->[com.firebaseui:firebase-ui-auth:6.4.0] AndroidManifest.xml:65:13-37
86            android:label="@string/fui_title_welcome_back_password_prompt"
86-->[com.firebaseui:firebase-ui-auth:6.4.0] AndroidManifest.xml:66:13-75
87            android:windowSoftInputMode="adjustResize" />
87-->[com.firebaseui:firebase-ui-auth:6.4.0] AndroidManifest.xml:67:13-55
88        <activity
88-->[com.firebaseui:firebase-ui-auth:6.4.0] AndroidManifest.xml:68:9-73:58
89            android:name="com.firebase.ui.auth.ui.email.EmailLinkCatcherActivity"
89-->[com.firebaseui:firebase-ui-auth:6.4.0] AndroidManifest.xml:69:13-82
90            android:exported="false"
90-->[com.firebaseui:firebase-ui-auth:6.4.0] AndroidManifest.xml:70:13-37
91            android:label=""
91-->[com.firebaseui:firebase-ui-auth:6.4.0] AndroidManifest.xml:71:13-29
92            android:theme="@style/FirebaseUI.Transparent"
92-->[com.firebaseui:firebase-ui-auth:6.4.0] AndroidManifest.xml:72:13-58
93            android:windowSoftInputMode="adjustResize" />
93-->[com.firebaseui:firebase-ui-auth:6.4.0] AndroidManifest.xml:73:13-55
94        <activity
94-->[com.firebaseui:firebase-ui-auth:6.4.0] AndroidManifest.xml:74:9-78:58
95            android:name="com.firebase.ui.auth.ui.email.EmailLinkErrorRecoveryActivity"
95-->[com.firebaseui:firebase-ui-auth:6.4.0] AndroidManifest.xml:75:13-88
96            android:exported="false"
96-->[com.firebaseui:firebase-ui-auth:6.4.0] AndroidManifest.xml:76:13-37
97            android:label="@string/fui_sign_in_default"
97-->[com.firebaseui:firebase-ui-auth:6.4.0] AndroidManifest.xml:77:13-56
98            android:windowSoftInputMode="adjustResize" />
98-->[com.firebaseui:firebase-ui-auth:6.4.0] AndroidManifest.xml:78:13-55
99        <activity
99-->[com.firebaseui:firebase-ui-auth:6.4.0] AndroidManifest.xml:79:9-82:65
100            android:name="com.firebase.ui.auth.ui.idp.AuthMethodPickerActivity"
100-->[com.firebaseui:firebase-ui-auth:6.4.0] AndroidManifest.xml:80:13-80
101            android:exported="false"
101-->[com.firebaseui:firebase-ui-auth:6.4.0] AndroidManifest.xml:81:13-37
102            android:label="@string/fui_default_toolbar_title" />
102-->[com.firebaseui:firebase-ui-auth:6.4.0] AndroidManifest.xml:82:13-62
103        <activity
103-->[com.firebaseui:firebase-ui-auth:6.4.0] AndroidManifest.xml:83:9-87:48
104            android:name="com.facebook.FacebookActivity"
104-->[com.firebaseui:firebase-ui-auth:6.4.0] AndroidManifest.xml:84:13-57
105            android:configChanges="keyboard|keyboardHidden|screenLayout|screenSize|orientation"
105-->[com.firebaseui:firebase-ui-auth:6.4.0] AndroidManifest.xml:85:13-96
106            android:label="@string/app_name" />
106-->[com.firebaseui:firebase-ui-auth:6.4.0] AndroidManifest.xml:86:13-45
107        <activity
107-->[com.firebaseui:firebase-ui-auth:6.4.0] AndroidManifest.xml:88:9-100:20
108            android:name="com.facebook.CustomTabActivity"
108-->[com.firebaseui:firebase-ui-auth:6.4.0] AndroidManifest.xml:89:13-58
109            android:exported="true" >
109-->[com.firebaseui:firebase-ui-auth:6.4.0] AndroidManifest.xml:90:13-36
110            <intent-filter>
110-->[com.firebaseui:firebase-ui-auth:6.4.0] AndroidManifest.xml:92:13-99:29
111                <action android:name="android.intent.action.VIEW" />
111-->[com.firebaseui:firebase-ui-auth:6.4.0] AndroidManifest.xml:93:17-69
111-->[com.firebaseui:firebase-ui-auth:6.4.0] AndroidManifest.xml:93:25-66
112
113                <category android:name="android.intent.category.DEFAULT" />
113-->[com.firebaseui:firebase-ui-auth:6.4.0] AndroidManifest.xml:95:17-76
113-->[com.firebaseui:firebase-ui-auth:6.4.0] AndroidManifest.xml:95:27-73
114                <category android:name="android.intent.category.BROWSABLE" />
114-->[com.firebaseui:firebase-ui-auth:6.4.0] AndroidManifest.xml:96:17-78
114-->[com.firebaseui:firebase-ui-auth:6.4.0] AndroidManifest.xml:96:27-75
115
116                <data android:scheme="@string/facebook_login_protocol_scheme" />
116-->[com.firebaseui:firebase-ui-auth:6.4.0] AndroidManifest.xml:98:17-81
116-->[com.firebaseui:firebase-ui-auth:6.4.0] AndroidManifest.xml:98:23-78
117            </intent-filter>
118        </activity>
119
120        <provider
120-->[com.firebaseui:firebase-ui-auth:6.4.0] AndroidManifest.xml:102:9-106:38
121            android:name="com.firebase.ui.auth.data.client.AuthUiInitProvider"
121-->[com.firebaseui:firebase-ui-auth:6.4.0] AndroidManifest.xml:103:13-79
122            android:authorities="com.example.rudolph.authuiinitprovider"
122-->[com.firebaseui:firebase-ui-auth:6.4.0] AndroidManifest.xml:104:13-70
123            android:exported="false"
123-->[com.firebaseui:firebase-ui-auth:6.4.0] AndroidManifest.xml:105:13-37
124            android:initOrder="90" />
124-->[com.firebaseui:firebase-ui-auth:6.4.0] AndroidManifest.xml:106:13-35
125
126        <service
126-->[com.google.firebase:firebase-database:19.5.1] AndroidManifest.xml:29:9-35:19
127            android:name="com.google.firebase.components.ComponentDiscoveryService"
127-->[com.google.firebase:firebase-database:19.5.1] AndroidManifest.xml:30:13-84
128            android:directBootAware="true"
128-->[com.google.firebase:firebase-common:19.4.0] AndroidManifest.xml:35:13-43
129            android:exported="false" >
129-->[com.google.firebase:firebase-database:19.5.1] AndroidManifest.xml:31:13-37
130            <meta-data
130-->[com.google.firebase:firebase-database:19.5.1] AndroidManifest.xml:32:13-34:85
131                android:name="com.google.firebase.components:com.google.firebase.database.DatabaseRegistrar"
131-->[com.google.firebase:firebase-database:19.5.1] AndroidManifest.xml:33:17-109
132                android:value="com.google.firebase.components.ComponentRegistrar" />
132-->[com.google.firebase:firebase-database:19.5.1] AndroidManifest.xml:34:17-82
133            <meta-data
133-->[com.google.firebase:firebase-auth:20.0.1] AndroidManifest.xml:77:13-79:85
134                android:name="com.google.firebase.components:com.google.firebase.auth.FirebaseAuthRegistrar"
134-->[com.google.firebase:firebase-auth:20.0.1] AndroidManifest.xml:78:17-109
135                android:value="com.google.firebase.components.ComponentRegistrar" />
135-->[com.google.firebase:firebase-auth:20.0.1] AndroidManifest.xml:79:17-82
136            <meta-data
136-->[com.google.android.gms:play-services-measurement-api:18.0.0] AndroidManifest.xml:30:13-32:85
137                android:name="com.google.firebase.components:com.google.firebase.analytics.connector.internal.AnalyticsConnectorRegistrar"
137-->[com.google.android.gms:play-services-measurement-api:18.0.0] AndroidManifest.xml:31:17-139
138                android:value="com.google.firebase.components.ComponentRegistrar" />
138-->[com.google.android.gms:play-services-measurement-api:18.0.0] AndroidManifest.xml:32:17-82
139            <meta-data
139-->[com.google.firebase:firebase-installations:16.3.4] AndroidManifest.xml:18:13-20:85
140                android:name="com.google.firebase.components:com.google.firebase.installations.FirebaseInstallationsRegistrar"
140-->[com.google.firebase:firebase-installations:16.3.4] AndroidManifest.xml:19:17-127
141                android:value="com.google.firebase.components.ComponentRegistrar" />
141-->[com.google.firebase:firebase-installations:16.3.4] AndroidManifest.xml:20:17-82
142        </service>
143
144        <activity
144-->[com.google.firebase:firebase-auth:20.0.1] AndroidManifest.xml:27:9-44:20
145            android:name="com.google.firebase.auth.internal.GenericIdpActivity"
145-->[com.google.firebase:firebase-auth:20.0.1] AndroidManifest.xml:28:13-80
146            android:excludeFromRecents="true"
146-->[com.google.firebase:firebase-auth:20.0.1] AndroidManifest.xml:29:13-46
147            android:exported="true"
147-->[com.google.firebase:firebase-auth:20.0.1] AndroidManifest.xml:30:13-36
148            android:launchMode="singleTask"
148-->[com.google.firebase:firebase-auth:20.0.1] AndroidManifest.xml:31:13-44
149            android:theme="@android:style/Theme.Translucent.NoTitleBar" >
149-->[com.google.firebase:firebase-auth:20.0.1] AndroidManifest.xml:32:13-72
150            <intent-filter>
150-->[com.google.firebase:firebase-auth:20.0.1] AndroidManifest.xml:33:13-43:29
151                <action android:name="android.intent.action.VIEW" />
151-->[com.firebaseui:firebase-ui-auth:6.4.0] AndroidManifest.xml:93:17-69
151-->[com.firebaseui:firebase-ui-auth:6.4.0] AndroidManifest.xml:93:25-66
152
153                <category android:name="android.intent.category.DEFAULT" />
153-->[com.firebaseui:firebase-ui-auth:6.4.0] AndroidManifest.xml:95:17-76
153-->[com.firebaseui:firebase-ui-auth:6.4.0] AndroidManifest.xml:95:27-73
154                <category android:name="android.intent.category.BROWSABLE" />
154-->[com.firebaseui:firebase-ui-auth:6.4.0] AndroidManifest.xml:96:17-78
154-->[com.firebaseui:firebase-ui-auth:6.4.0] AndroidManifest.xml:96:27-75
155
156                <data
156-->[com.firebaseui:firebase-ui-auth:6.4.0] AndroidManifest.xml:98:17-81
157                    android:host="firebase.auth"
158                    android:path="/"
159                    android:scheme="genericidp" />
159-->[com.firebaseui:firebase-ui-auth:6.4.0] AndroidManifest.xml:98:23-78
160            </intent-filter>
161        </activity>
162        <activity
162-->[com.google.firebase:firebase-auth:20.0.1] AndroidManifest.xml:45:9-62:20
163            android:name="com.google.firebase.auth.internal.RecaptchaActivity"
163-->[com.google.firebase:firebase-auth:20.0.1] AndroidManifest.xml:46:13-79
164            android:excludeFromRecents="true"
164-->[com.google.firebase:firebase-auth:20.0.1] AndroidManifest.xml:47:13-46
165            android:exported="true"
165-->[com.google.firebase:firebase-auth:20.0.1] AndroidManifest.xml:48:13-36
166            android:launchMode="singleTask"
166-->[com.google.firebase:firebase-auth:20.0.1] AndroidManifest.xml:49:13-44
167            android:theme="@android:style/Theme.Translucent.NoTitleBar" >
167-->[com.google.firebase:firebase-auth:20.0.1] AndroidManifest.xml:50:13-72
168            <intent-filter>
168-->[com.google.firebase:firebase-auth:20.0.1] AndroidManifest.xml:51:13-61:29
169                <action android:name="android.intent.action.VIEW" />
169-->[com.firebaseui:firebase-ui-auth:6.4.0] AndroidManifest.xml:93:17-69
169-->[com.firebaseui:firebase-ui-auth:6.4.0] AndroidManifest.xml:93:25-66
170
171                <category android:name="android.intent.category.DEFAULT" />
171-->[com.firebaseui:firebase-ui-auth:6.4.0] AndroidManifest.xml:95:17-76
171-->[com.firebaseui:firebase-ui-auth:6.4.0] AndroidManifest.xml:95:27-73
172                <category android:name="android.intent.category.BROWSABLE" />
172-->[com.firebaseui:firebase-ui-auth:6.4.0] AndroidManifest.xml:96:17-78
172-->[com.firebaseui:firebase-ui-auth:6.4.0] AndroidManifest.xml:96:27-75
173
174                <data
174-->[com.firebaseui:firebase-ui-auth:6.4.0] AndroidManifest.xml:98:17-81
175                    android:host="firebase.auth"
176                    android:path="/"
177                    android:scheme="recaptcha" />
177-->[com.firebaseui:firebase-ui-auth:6.4.0] AndroidManifest.xml:98:23-78
178            </intent-filter>
179        </activity>
180
181        <service
181-->[com.google.firebase:firebase-auth:20.0.1] AndroidManifest.xml:64:9-73:19
182            android:name="com.google.firebase.auth.api.fallback.service.FirebaseAuthFallbackService"
182-->[com.google.firebase:firebase-auth:20.0.1] AndroidManifest.xml:65:13-101
183            android:enabled="true"
183-->[com.google.firebase:firebase-auth:20.0.1] AndroidManifest.xml:66:13-35
184            android:exported="false" >
184-->[com.google.firebase:firebase-auth:20.0.1] AndroidManifest.xml:67:13-37
185            <intent-filter>
185-->[com.google.firebase:firebase-auth:20.0.1] AndroidManifest.xml:68:13-72:29
186                <action android:name="com.google.firebase.auth.api.gms.service.START" />
186-->[com.google.firebase:firebase-auth:20.0.1] AndroidManifest.xml:69:17-89
186-->[com.google.firebase:firebase-auth:20.0.1] AndroidManifest.xml:69:25-86
187
188                <category android:name="android.intent.category.DEFAULT" />
188-->[com.firebaseui:firebase-ui-auth:6.4.0] AndroidManifest.xml:95:17-76
188-->[com.firebaseui:firebase-ui-auth:6.4.0] AndroidManifest.xml:95:27-73
189            </intent-filter>
190        </service>
191
192        <provider
192-->[com.google.firebase:firebase-common:19.4.0] AndroidManifest.xml:26:9-31:39
193            android:name="com.google.firebase.provider.FirebaseInitProvider"
193-->[com.google.firebase:firebase-common:19.4.0] AndroidManifest.xml:27:13-77
194            android:authorities="com.example.rudolph.firebaseinitprovider"
194-->[com.google.firebase:firebase-common:19.4.0] AndroidManifest.xml:28:13-72
195            android:directBootAware="true"
195-->[com.google.firebase:firebase-common:19.4.0] AndroidManifest.xml:29:13-43
196            android:exported="false"
196-->[com.google.firebase:firebase-common:19.4.0] AndroidManifest.xml:30:13-37
197            android:initOrder="100" />
197-->[com.google.firebase:firebase-common:19.4.0] AndroidManifest.xml:31:13-36
198
199        <activity
199-->[com.google.android.gms:play-services-auth:17.0.0] AndroidManifest.xml:23:9-27:75
200            android:name="com.google.android.gms.auth.api.signin.internal.SignInHubActivity"
200-->[com.google.android.gms:play-services-auth:17.0.0] AndroidManifest.xml:24:13-93
201            android:excludeFromRecents="true"
201-->[com.google.android.gms:play-services-auth:17.0.0] AndroidManifest.xml:25:13-46
202            android:exported="false"
202-->[com.google.android.gms:play-services-auth:17.0.0] AndroidManifest.xml:26:13-37
203            android:theme="@android:style/Theme.Translucent.NoTitleBar" />
203-->[com.google.android.gms:play-services-auth:17.0.0] AndroidManifest.xml:27:13-72
204        <!--
205            Service handling Google Sign-In user revocation. For apps that do not integrate with
206            Google Sign-In, this service will never be started.
207        -->
208        <service
208-->[com.google.android.gms:play-services-auth:17.0.0] AndroidManifest.xml:33:9-36:110
209            android:name="com.google.android.gms.auth.api.signin.RevocationBoundService"
209-->[com.google.android.gms:play-services-auth:17.0.0] AndroidManifest.xml:34:13-89
210            android:exported="true"
210-->[com.google.android.gms:play-services-auth:17.0.0] AndroidManifest.xml:35:13-36
211            android:permission="com.google.android.gms.auth.api.signin.permission.REVOCATION_NOTIFICATION" />
211-->[com.google.android.gms:play-services-auth:17.0.0] AndroidManifest.xml:36:13-107
212
213        <activity
213-->[com.google.android.gms:play-services-base:17.1.0] AndroidManifest.xml:23:9-26:75
214            android:name="com.google.android.gms.common.api.GoogleApiActivity"
214-->[com.google.android.gms:play-services-base:17.1.0] AndroidManifest.xml:24:13-79
215            android:exported="false"
215-->[com.google.android.gms:play-services-base:17.1.0] AndroidManifest.xml:25:13-37
216            android:theme="@android:style/Theme.Translucent.NoTitleBar" />
216-->[com.google.android.gms:play-services-base:17.1.0] AndroidManifest.xml:26:13-72
217
218        <receiver
218-->[com.google.android.gms:play-services-measurement:18.0.0] AndroidManifest.xml:29:9-33:20
219            android:name="com.google.android.gms.measurement.AppMeasurementReceiver"
219-->[com.google.android.gms:play-services-measurement:18.0.0] AndroidManifest.xml:30:13-85
220            android:enabled="true"
220-->[com.google.android.gms:play-services-measurement:18.0.0] AndroidManifest.xml:31:13-35
221            android:exported="false" >
221-->[com.google.android.gms:play-services-measurement:18.0.0] AndroidManifest.xml:32:13-37
222        </receiver>
223
224        <service
224-->[com.google.android.gms:play-services-measurement:18.0.0] AndroidManifest.xml:35:9-38:40
225            android:name="com.google.android.gms.measurement.AppMeasurementService"
225-->[com.google.android.gms:play-services-measurement:18.0.0] AndroidManifest.xml:36:13-84
226            android:enabled="true"
226-->[com.google.android.gms:play-services-measurement:18.0.0] AndroidManifest.xml:37:13-35
227            android:exported="false" />
227-->[com.google.android.gms:play-services-measurement:18.0.0] AndroidManifest.xml:38:13-37
228        <service
228-->[com.google.android.gms:play-services-measurement:18.0.0] AndroidManifest.xml:39:9-43:72
229            android:name="com.google.android.gms.measurement.AppMeasurementJobService"
229-->[com.google.android.gms:play-services-measurement:18.0.0] AndroidManifest.xml:40:13-87
230            android:enabled="true"
230-->[com.google.android.gms:play-services-measurement:18.0.0] AndroidManifest.xml:41:13-35
231            android:exported="false"
231-->[com.google.android.gms:play-services-measurement:18.0.0] AndroidManifest.xml:42:13-37
232            android:permission="android.permission.BIND_JOB_SERVICE" />
232-->[com.google.android.gms:play-services-measurement:18.0.0] AndroidManifest.xml:43:13-69
233
234        <provider
234-->[androidx.lifecycle:lifecycle-process:2.1.0] AndroidManifest.xml:23:9-27:43
235            android:name="androidx.lifecycle.ProcessLifecycleOwnerInitializer"
235-->[androidx.lifecycle:lifecycle-process:2.1.0] AndroidManifest.xml:24:13-79
236            android:authorities="com.example.rudolph.lifecycle-process"
236-->[androidx.lifecycle:lifecycle-process:2.1.0] AndroidManifest.xml:25:13-69
237            android:exported="false"
237-->[androidx.lifecycle:lifecycle-process:2.1.0] AndroidManifest.xml:26:13-37
238            android:multiprocess="true" />
238-->[androidx.lifecycle:lifecycle-process:2.1.0] AndroidManifest.xml:27:13-40
239    </application>
240
241</manifest>